<?xml version="1.0" encoding="utf-8" standalone="no"?>
<!--This file represents the results of running a test suite-->
<test-results name="C:\Desarrollo\MSBuildProject\MSBuildProjectTest\bin\Debug\MSBuildProjectTest.dll" total="2" errors="0" failures="0" not-run="0" inconclusive="0" ignored="0" skipped="0" invalid="0" date="2012-08-07" time="11:35:25">
  <environment nunit-version="2.6.0.12051" clr-version="2.0.50727.5456" os-version="Microsoft Windows NT 6.1.7601 Service Pack 1" platform="Win32NT" cwd="C:\Desarrollo\MSBuildProject" machine-name="P-ANPL-ALM" user="Administrator" user-domain="P-ANPL-ALM" />
  <culture-info current-culture="es-ES" current-uiculture="en-US" />
  <test-suite type="Assembly" name="C:\Desarrollo\MSBuildProject\MSBuildProjectTest\bin\Debug\MSBuildProjectTest.dll" executed="True" result="Success" success="True" time="10.313" asserts="0">
    <results>
      <test-suite type="Namespace" name="MSBuildProjectTest" executed="True" result="Success" success="True" time="10.250" asserts="0">
        <results>
          <test-suite type="TestFixture" name="MSBuildTest" executed="True" result="Success" success="True" time="10.250" asserts="0">
            <results>
              <test-case name="MSBuildProjectTest.MSBuildTest.TestHang" executed="True" result="Success" success="True" time="10.063" asserts="0" />
              <test-case name="MSBuildProjectTest.MSBuildTest.TestSuccess" executed="True" result="Success" success="True" time="0.109" asserts="0" />
            </results>
          </test-suite>
        </results>
      </test-suite>
    </results>
  </test-suite>
</test-results>